<testsuites id="" name="" tests="2" failures="1" skipped="0" errors="0" time="31.117626">
<testsuite name="search.spec.ts" timestamp="2025-04-29T09:46:39.661Z" hostname="chromium" tests="1" failures="1" skipped="0" time="30.207" errors="0">
<testcase name="search" classname="search.spec.ts" time="30.207">
<failure message="search.spec.ts:3:5 search" type="FAILURE">
<![CDATA[  [chromium] › search.spec.ts:3:5 › search ─────────────────────────────────────────────────────────

    Test timeout of 30000ms exceeded.

    Error: page.waitForURL: Test timeout of 30000ms exceeded.
    =========================== logs ===========================
    waiting for navigation to "/document/*" until "load"
    ============================================================

      48 |
      49 |   /** Document (AKA Family) page */
    > 50 |   await page.waitForURL("/document/*");
         |              ^
      51 |   await page.waitForResponse("**/searches");
      52 |   await page
      53 |     .getByText(/View (more than )?\d+ matches/)
        at /Users/jamesgorrie/code/navigator-frontend/tests/search.spec.ts:50:14

    attachment #1: trace (application/zip) ─────────────────────────────────────────────────────────
    test-results/search-search-chromium/trace.zip
    Usage:

        npx playwright show-trace test-results/search-search-chromium/trace.zip

    ────────────────────────────────────────────────────────────────────────────────────────────────
]]>
</failure>
<system-out>
<![CDATA[
[[ATTACHMENT|test-results/search-search-chromium/trace.zip]]
]]>
</system-out>
</testcase>
</testsuite>
<testsuite name="searchFilters.spec.ts" timestamp="2025-04-29T09:46:39.661Z" hostname="chromium" tests="1" failures="0" skipped="0" time="1.957" errors="0">
<testcase name="search filters" classname="searchFilters.spec.ts" time="1.957">
<system-out>
<![CDATA[
[[ATTACHMENT|test-results/searchFilters-search-filters-chromium/trace.zip]]
]]>
</system-out>
</testcase>
</testsuite>
</testsuites>